05/06/2022 08:18:06 Guardião Itaú, versão 2.1.0 Descrição do processo de instalação do Guardião. As informações contidas nesse documento poderão ser solicitadas pela central de atendimento caso ocorra um erro no processo de instalação. A exclusão desse documento não acarreta nenhum problema de performance na sua máquina.
05/06/2022 08:18:06 2.8.3.2
05/06/2022 08:18:06 Usuário: Rafael(Administrador)
05/06/2022 08:18:06 Versão do Sistema Operacional: 6.2.9200
05/06/2022 08:18:06 64 Bits: true
05/06/2022 08:18:06  96.0.3.8061 ( 96.0 )
05/06/2022 08:18:06 UAC: Ativado
05/06/2022 08:18:06 Verificando se Firefox está instalado...
05/06/2022 08:18:06 Firefox instalado, ajustando configurações necessárias...
05/06/2022 08:18:06 [Ativação do TLS no Windows] Verificando...
05/06/2022 08:18:06 [Ativação do TLS no Windows] Corrigindo TLS.
05/06/2022 08:18:06 [Ativação do TLS no Windows] Ok.
05/06/2022 08:18:06 [Configurações gerais] Verificando...
05/06/2022 08:18:06 [Configurações gerais] Ok.
05/06/2022 08:18:06 [Instalação de certificados raiz] Verificando...
05/06/2022 08:18:06 [Instalação de certificados raiz] Efetuando download ...
05/06/2022 08:18:08 [Instalação de certificados raiz] Instalando...
05/06/2022 08:18:08 [Instalação de certificados raiz] Ok.
05/06/2022 08:18:08 [Configurações gerais] Verificando...
05/06/2022 08:18:08 [Configurações gerais] Ok.
05/06/2022 08:18:08 [Configurações gerais] Verificando...
05/06/2022 08:18:08 [Configurações gerais] Limpando...
05/06/2022 08:18:08 [Configurações gerais] Ok.
05/06/2022 08:18:08 [Executando a instalação do Guardião] Verificando...
05/06/2022 08:18:08 [Executando a instalação do Guardião] Efetuando download ...
05/06/2022 08:18:12 [Executando a instalação do Guardião] Instalando...
05/06/2022 08:18:36 [Executando a instalação do Guardião] Ok.
05/06/2022 08:18:36 [Verificando arquivos do Guardião] Verificando...
05/06/2022 08:18:36 [Verificando arquivos do Guardião] Ok.
05/06/2022 08:18:36 [Instalando Cliente do Guardião] Verificando...
05/06/2022 08:18:46 [Instalando Cliente do Guardião] Ok.
05/06/2022 08:18:46 [Instalando certificado do Guardião] Verificando...
05/06/2022 08:18:46 [Instalando certificado do Guardião] Instalando...
05/06/2022 08:18:47 [Instalando certificado do Guardião] Ok.
05/06/2022 08:18:47 [Ajustando ambiente] Verificando...
05/06/2022 08:18:47 [Ajustando ambiente] Ok.
05/06/2022 08:18:47 [Atualizando listas] Verificando...
05/06/2022 08:18:47 [Atualizando listas] Ok.
05/06/2022 08:18:47 [Concluindo execucao] Verificando...
05/06/2022 08:18:52 [Concluindo execucao] CONCLUÍDO.
05/06/2022 08:18:52 CONCLUÍDO.
